============================= test session starts =============================
platform win32 -- Python 3.9.2rc1, pytest-7.4.4, pluggy-1.6.0 -- d:\pdf generator\pdf-report-generator\venv\scripts\python.exe
cachedir: .pytest_cache
rootdir: D:\PDF Generator\pdf-report-generator
plugins: anyio-4.12.1, asyncio-0.23.3, cov-4.1.0
asyncio: mode=strict
collecting ... collected 25 items

tests/test_api/test_auth.py::test_register_user ERROR                    [  4%]
tests/test_api/test_auth.py::test_register_duplicate_email ERROR         [  8%]
tests/test_api/test_auth.py::test_login_success ERROR                    [ 12%]
tests/test_api/test_auth.py::test_login_wrong_password ERROR             [ 16%]
tests/test_api/test_auth.py::test_login_nonexistent_user ERROR           [ 20%]
tests/test_api/test_auth.py::test_get_me ERROR                           [ 24%]
tests/test_api/test_auth.py::test_get_me_unauthorized ERROR              [ 28%]
tests/test_api/test_auth.py::test_refresh_token ERROR                    [ 32%]
tests/test_api/test_reports.py::test_generate_report ERROR               [ 36%]
tests/test_api/test_reports.py::test_generate_report_invalid_template ERROR [ 40%]
tests/test_api/test_reports.py::test_list_reports ERROR                  [ 44%]
tests/test_api/test_reports.py::test_list_reports_unauthorized ERROR     [ 48%]
tests/test_api/test_reports.py::test_get_report_not_found ERROR          [ 52%]
tests/test_api/test_schedules.py::test_create_schedule ERROR             [ 56%]
tests/test_api/test_schedules.py::test_create_schedule_invalid_cron ERROR [ 60%]
tests/test_api/test_schedules.py::test_list_schedules ERROR              [ 64%]
tests/test_services/test_chart_generator.py::TestChartGenerator::test_generate_bar_chart PASSED [ 68%]
tests/test_services/test_chart_generator.py::TestChartGenerator::test_generate_line_chart PASSED [ 72%]
tests/test_services/test_chart_generator.py::TestChartGenerator::test_generate_pie_chart PASSED [ 76%]
tests/test_services/test_chart_generator.py::TestChartGenerator::test_invalid_chart_type PASSED [ 80%]
tests/test_services/test_data_fetcher_csv_content.py::test_fetch_from_csv_content PASSED [ 84%]
tests/test_services/test_data_fetcher_csv_content.py::test_fetch_from_csv_content_empty PASSED [ 88%]
tests/test_services/test_data_fetcher_csv_content.py::test_fetch_from_csv_error_no_input PASSED [ 92%]
tests/test_services/test_pdf_generator.py::test_generate_pdf PASSED      [ 96%]
tests/test_services/test_pdf_generator.py::test_generate_pdf_with_options PASSED [100%]

=================================== ERRORS ====================================
____________________ ERROR at setup of test_register_user _____________________

request = <SubRequest 'test_engine' for <Coroutine test_register_user>>
kwargs = {}, func = <function test_engine at 0x000001349A620B80>
setup = <function _wrap_asyncgen_fixture.<locals>._asyncgen_fixture_wrapper.<locals>.setup at 0x000001349A756160>
finalizer = <function _wrap_asyncgen_fixture.<locals>._asyncgen_fixture_wrapper.<locals>.finalizer at 0x000001349A7561F0>

    @functools.wraps(fixture)
    def _asyncgen_fixture_wrapper(request: SubRequest, **kwargs: Any):
        func = _perhaps_rebind_fixture_func(
            fixture, request.instance, fixturedef.unittest
        )
        event_loop = kwargs.pop(event_loop_fixture_id)
        gen_obj = func(
            **_add_kwargs(func, kwargs, event_loop_fixture_id, event_loop, request)
        )
    
        async def setup():
            res = await gen_obj.__anext__()
            return res
    
        def finalizer() -> None:
            """Yield again, to finalize."""
    
            async def async_finalizer() -> None:
                try:
                    await gen_obj.__anext__()
                except StopAsyncIteration:
                    pass
                else:
                    msg = "Async generator fixture didn't stop."
                    msg += "Yield only once."
                    raise ValueError(msg)
    
            event_loop.run_until_complete(async_finalizer())
    
>       result = event_loop.run_until_complete(setup())

venv\lib\site-packages\pytest_asyncio\plugin.py:337: 
_ _ _ _ _ _ _ _ _ _ _ _ _ _ _ _ _ _ _ _ _ _ _ _ _ _ _ _ _ _ _ _ _ _ _ _ _ _ _ _
C:\Program Files\Python39\lib\asyncio\base_events.py:642: in run_until_complete
    return future.result()
venv\lib\site-packages\pytest_asyncio\plugin.py:319: in setup
    res = await gen_obj.__anext__()
tests\conftest.py:36: in test_engine
    engine = create_async_engine(
venv\lib\site-packages\sqlalchemy\ext\asyncio\engine.py:117: in create_async_engine
    sync_engine = _create_engine(url, **kw)
venv\lib\site-packages\sqlalchemy\util\deprecations.py:281: in warned
    return fn(*args, **kwargs)  # type: ignore[no-any-return]
venv\lib\site-packages\sqlalchemy\engine\create.py:601: in create_engine
    dbapi = dbapi_meth(**dbapi_args)
_ _ _ _ _ _ _ _ _ _ _ _ _ _ _ _ _ _ _ _ _ _ _ _ _ _ _ _ _ _ _ _ _ _ _ _ _ _ _ _

cls = <class 'sqlalchemy.dialects.sqlite.aiosqlite.SQLiteDialect_aiosqlite'>

    @classmethod
    def import_dbapi(cls):
        return AsyncAdapt_aiosqlite_dbapi(
>           __import__("aiosqlite"), __import__("sqlite3")
        )
E       ModuleNotFoundError: No module named 'aiosqlite'

venv\lib\site-packages\sqlalchemy\dialects\sqlite\aiosqlite.py:374: ModuleNotFoundError
_______________ ERROR at setup of test_register_duplicate_email _______________

request = <SubRequest 'test_engine' for <Coroutine test_register_duplicate_email>>
kwargs = {}, func = <function test_engine at 0x000001349A620B80>
setup = <function _wrap_asyncgen_fixture.<locals>._asyncgen_fixture_wrapper.<locals>.setup at 0x000001349A895B80>
finalizer = <function _wrap_asyncgen_fixture.<locals>._asyncgen_fixture_wrapper.<locals>.finalizer at 0x000001349A8959D0>

    @functools.wraps(fixture)
    def _asyncgen_fixture_wrapper(request: SubRequest, **kwargs: Any):
        func = _perhaps_rebind_fixture_func(
            fixture, request.instance, fixturedef.unittest
        )
        event_loop = kwargs.pop(event_loop_fixture_id)
        gen_obj = func(
            **_add_kwargs(func, kwargs, event_loop_fixture_id, event_loop, request)
        )
    
        async def setup():
            res = await gen_obj.__anext__()
            return res
    
        def finalizer() -> None:
            """Yield again, to finalize."""
    
            async def async_finalizer() -> None:
                try:
                    await gen_obj.__anext__()
                except StopAsyncIteration:
                    pass
                else:
                    msg = "Async generator fixture didn't stop."
                    msg += "Yield only once."
                    raise ValueError(msg)
    
            event_loop.run_until_complete(async_finalizer())
    
>       result = event_loop.run_until_complete(setup())

venv\lib\site-packages\pytest_asyncio\plugin.py:337: 
_ _ _ _ _ _ _ _ _ _ _ _ _ _ _ _ _ _ _ _ _ _ _ _ _ _ _ _ _ _ _ _ _ _ _ _ _ _ _ _
C:\Program Files\Python39\lib\asyncio\base_events.py:642: in run_until_complete
    return future.result()
venv\lib\site-packages\pytest_asyncio\plugin.py:319: in setup
    res = await gen_obj.__anext__()
tests\conftest.py:36: in test_engine
    engine = create_async_engine(
venv\lib\site-packages\sqlalchemy\ext\asyncio\engine.py:117: in create_async_engine
    sync_engine = _create_engine(url, **kw)
venv\lib\site-packages\sqlalchemy\util\deprecations.py:281: in warned
    return fn(*args, **kwargs)  # type: ignore[no-any-return]
venv\lib\site-packages\sqlalchemy\engine\create.py:601: in create_engine
    dbapi = dbapi_meth(**dbapi_args)
_ _ _ _ _ _ _ _ _ _ _ _ _ _ _ _ _ _ _ _ _ _ _ _ _ _ _ _ _ _ _ _ _ _ _ _ _ _ _ _

cls = <class 'sqlalchemy.dialects.sqlite.aiosqlite.SQLiteDialect_aiosqlite'>

    @classmethod
    def import_dbapi(cls):
        return AsyncAdapt_aiosqlite_dbapi(
>           __import__("aiosqlite"), __import__("sqlite3")
        )
E       ModuleNotFoundError: No module named 'aiosqlite'

venv\lib\site-packages\sqlalchemy\dialects\sqlite\aiosqlite.py:374: ModuleNotFoundError
____________________ ERROR at setup of test_login_success _____________________

request = <SubRequest 'test_engine' for <Coroutine test_login_success>>
kwargs = {}, func = <function test_engine at 0x000001349A620B80>
setup = <function _wrap_asyncgen_fixture.<locals>._asyncgen_fixture_wrapper.<locals>.setup at 0x000001349AC42670>
finalizer = <function _wrap_asyncgen_fixture.<locals>._asyncgen_fixture_wrapper.<locals>.finalizer at 0x000001349AC42550>

    @functools.wraps(fixture)
    def _asyncgen_fixture_wrapper(request: SubRequest, **kwargs: Any):
        func = _perhaps_rebind_fixture_func(
            fixture, request.instance, fixturedef.unittest
        )
        event_loop = kwargs.pop(event_loop_fixture_id)
        gen_obj = func(
            **_add_kwargs(func, kwargs, event_loop_fixture_id, event_loop, request)
        )
    
        async def setup():
            res = await gen_obj.__anext__()
            return res
    
        def finalizer() -> None:
            """Yield again, to finalize."""
    
            async def async_finalizer() -> None:
                try:
                    await gen_obj.__anext__()
                except StopAsyncIteration:
                    pass
                else:
                    msg = "Async generator fixture didn't stop."
                    msg += "Yield only once."
                    raise ValueError(msg)
    
            event_loop.run_until_complete(async_finalizer())
    
>       result = event_loop.run_until_complete(setup())

venv\lib\site-packages\pytest_asyncio\plugin.py:337: 
_ _ _ _ _ _ _ _ _ _ _ _ _ _ _ _ _ _ _ _ _ _ _ _ _ _ _ _ _ _ _ _ _ _ _ _ _ _ _ _
C:\Program Files\Python39\lib\asyncio\base_events.py:642: in run_until_complete
    return future.result()
venv\lib\site-packages\pytest_asyncio\plugin.py:319: in setup
    res = await gen_obj.__anext__()
tests\conftest.py:36: in test_engine
    engine = create_async_engine(
venv\lib\site-packages\sqlalchemy\ext\asyncio\engine.py:117: in create_async_engine
    sync_engine = _create_engine(url, **kw)
venv\lib\site-packages\sqlalchemy\util\deprecations.py:281: in warned
    return fn(*args, **kwargs)  # type: ignore[no-any-return]
venv\lib\site-packages\sqlalchemy\engine\create.py:601: in create_engine
    dbapi = dbapi_meth(**dbapi_args)
_ _ _ _ _ _ _ _ _ _ _ _ _ _ _ _ _ _ _ _ _ _ _ _ _ _ _ _ _ _ _ _ _ _ _ _ _ _ _ _

cls = <class 'sqlalchemy.dialects.sqlite.aiosqlite.SQLiteDialect_aiosqlite'>

    @classmethod
    def import_dbapi(cls):
        return AsyncAdapt_aiosqlite_dbapi(
>           __import__("aiosqlite"), __import__("sqlite3")
        )
E       ModuleNotFoundError: No module named 'aiosqlite'

venv\lib\site-packages\sqlalchemy\dialects\sqlite\aiosqlite.py:374: ModuleNotFoundError
_________________ ERROR at setup of test_login_wrong_password _________________

request = <SubRequest 'test_engine' for <Coroutine test_login_wrong_password>>
kwargs = {}, func = <function test_engine at 0x000001349A620B80>
setup = <function _wrap_asyncgen_fixture.<locals>._asyncgen_fixture_wrapper.<locals>.setup at 0x000001349AC42C10>
finalizer = <function _wrap_asyncgen_fixture.<locals>._asyncgen_fixture_wrapper.<locals>.finalizer at 0x000001349AC42D30>

    @functools.wraps(fixture)
    def _asyncgen_fixture_wrapper(request: SubRequest, **kwargs: Any):
        func = _perhaps_rebind_fixture_func(
            fixture, request.instance, fixturedef.unittest
        )
        event_loop = kwargs.pop(event_loop_fixture_id)
        gen_obj = func(
            **_add_kwargs(func, kwargs, event_loop_fixture_id, event_loop, request)
        )
    
        async def setup():
            res = await gen_obj.__anext__()
            return res
    
        def finalizer() -> None:
            """Yield again, to finalize."""
    
            async def async_finalizer() -> None:
                try:
                    await gen_obj.__anext__()
                except StopAsyncIteration:
                    pass
                else:
                    msg = "Async generator fixture didn't stop."
                    msg += "Yield only once."
                    raise ValueError(msg)
    
            event_loop.run_until_complete(async_finalizer())
    
>       result = event_loop.run_until_complete(setup())

venv\lib\site-packages\pytest_asyncio\plugin.py:337: 
_ _ _ _ _ _ _ _ _ _ _ _ _ _ _ _ _ _ _ _ _ _ _ _ _ _ _ _ _ _ _ _ _ _ _ _ _ _ _ _
C:\Program Files\Python39\lib\asyncio\base_events.py:642: in run_until_complete
    return future.result()
venv\lib\site-packages\pytest_asyncio\plugin.py:319: in setup
    res = await gen_obj.__anext__()
tests\conftest.py:36: in test_engine
    engine = create_async_engine(
venv\lib\site-packages\sqlalchemy\ext\asyncio\engine.py:117: in create_async_engine
    sync_engine = _create_engine(url, **kw)
venv\lib\site-packages\sqlalchemy\util\deprecations.py:281: in warned
    return fn(*args, **kwargs)  # type: ignore[no-any-return]
venv\lib\site-packages\sqlalchemy\engine\create.py:601: in create_engine
    dbapi = dbapi_meth(**dbapi_args)
_ _ _ _ _ _ _ _ _ _ _ _ _ _ _ _ _ _ _ _ _ _ _ _ _ _ _ _ _ _ _ _ _ _ _ _ _ _ _ _

cls = <class 'sqlalchemy.dialects.sqlite.aiosqlite.SQLiteDialect_aiosqlite'>

    @classmethod
    def import_dbapi(cls):
        return AsyncAdapt_aiosqlite_dbapi(
>           __import__("aiosqlite"), __import__("sqlite3")
        )
E       ModuleNotFoundError: No module named 'aiosqlite'

venv\lib\site-packages\sqlalchemy\dialects\sqlite\aiosqlite.py:374: ModuleNotFoundError
________________ ERROR at setup of test_login_nonexistent_user ________________

request = <SubRequest 'test_engine' for <Coroutine test_login_nonexistent_user>>
kwargs = {}, func = <function test_engine at 0x000001349A620B80>
setup = <function _wrap_asyncgen_fixture.<locals>._asyncgen_fixture_wrapper.<locals>.setup at 0x000001349AC42CA0>
finalizer = <function _wrap_asyncgen_fixture.<locals>._asyncgen_fixture_wrapper.<locals>.finalizer at 0x000001349AC42160>

    @functools.wraps(fixture)
    def _asyncgen_fixture_wrapper(request: SubRequest, **kwargs: Any):
        func = _perhaps_rebind_fixture_func(
            fixture, request.instance, fixturedef.unittest
        )
        event_loop = kwargs.pop(event_loop_fixture_id)
        gen_obj = func(
            **_add_kwargs(func, kwargs, event_loop_fixture_id, event_loop, request)
        )
    
        async def setup():
            res = await gen_obj.__anext__()
            return res
    
        def finalizer() -> None:
            """Yield again, to finalize."""
    
            async def async_finalizer() -> None:
                try:
                    await gen_obj.__anext__()
                except StopAsyncIteration:
                    pass
                else:
                    msg = "Async generator fixture didn't stop."
                    msg += "Yield only once."
                    raise ValueError(msg)
    
            event_loop.run_until_complete(async_finalizer())
    
>       result = event_loop.run_until_complete(setup())

venv\lib\site-packages\pytest_asyncio\plugin.py:337: 
_ _ _ _ _ _ _ _ _ _ _ _ _ _ _ _ _ _ _ _ _ _ _ _ _ _ _ _ _ _ _ _ _ _ _ _ _ _ _ _
C:\Program Files\Python39\lib\asyncio\base_events.py:642: in run_until_complete
    return future.result()
venv\lib\site-packages\pytest_asyncio\plugin.py:319: in setup
    res = await gen_obj.__anext__()
tests\conftest.py:36: in test_engine
    engine = create_async_engine(
venv\lib\site-packages\sqlalchemy\ext\asyncio\engine.py:117: in create_async_engine
    sync_engine = _create_engine(url, **kw)
venv\lib\site-packages\sqlalchemy\util\deprecations.py:281: in warned
    return fn(*args, **kwargs)  # type: ignore[no-any-return]
venv\lib\site-packages\sqlalchemy\engine\create.py:601: in create_engine
    dbapi = dbapi_meth(**dbapi_args)
_ _ _ _ _ _ _ _ _ _ _ _ _ _ _ _ _ _ _ _ _ _ _ _ _ _ _ _ _ _ _ _ _ _ _ _ _ _ _ _

cls = <class 'sqlalchemy.dialects.sqlite.aiosqlite.SQLiteDialect_aiosqlite'>

    @classmethod
    def import_dbapi(cls):
        return AsyncAdapt_aiosqlite_dbapi(
>           __import__("aiosqlite"), __import__("sqlite3")
        )
E       ModuleNotFoundError: No module named 'aiosqlite'

venv\lib\site-packages\sqlalchemy\dialects\sqlite\aiosqlite.py:374: ModuleNotFoundError
________________________ ERROR at setup of test_get_me ________________________

request = <SubRequest 'test_engine' for <Coroutine test_get_me>>, kwargs = {}
func = <function test_engine at 0x000001349A620B80>
setup = <function _wrap_asyncgen_fixture.<locals>._asyncgen_fixture_wrapper.<locals>.setup at 0x000001349AC42820>
finalizer = <function _wrap_asyncgen_fixture.<locals>._asyncgen_fixture_wrapper.<locals>.finalizer at 0x000001349AC42550>

    @functools.wraps(fixture)
    def _asyncgen_fixture_wrapper(request: SubRequest, **kwargs: Any):
        func = _perhaps_rebind_fixture_func(
            fixture, request.instance, fixturedef.unittest
        )
        event_loop = kwargs.pop(event_loop_fixture_id)
        gen_obj = func(
            **_add_kwargs(func, kwargs, event_loop_fixture_id, event_loop, request)
        )
    
        async def setup():
            res = await gen_obj.__anext__()
            return res
    
        def finalizer() -> None:
            """Yield again, to finalize."""
    
            async def async_finalizer() -> None:
                try:
                    await gen_obj.__anext__()
                except StopAsyncIteration:
                    pass
                else:
                    msg = "Async generator fixture didn't stop."
                    msg += "Yield only once."
                    raise ValueError(msg)
    
            event_loop.run_until_complete(async_finalizer())
    
>       result = event_loop.run_until_complete(setup())

venv\lib\site-packages\pytest_asyncio\plugin.py:337: 
_ _ _ _ _ _ _ _ _ _ _ _ _ _ _ _ _ _ _ _ _ _ _ _ _ _ _ _ _ _ _ _ _ _ _ _ _ _ _ _
C:\Program Files\Python39\lib\asyncio\base_events.py:642: in run_until_complete
    return future.result()
venv\lib\site-packages\pytest_asyncio\plugin.py:319: in setup
    res = await gen_obj.__anext__()
tests\conftest.py:36: in test_engine
    engine = create_async_engine(
venv\lib\site-packages\sqlalchemy\ext\asyncio\engine.py:117: in create_async_engine
    sync_engine = _create_engine(url, **kw)
venv\lib\site-packages\sqlalchemy\util\deprecations.py:281: in warned
    return fn(*args, **kwargs)  # type: ignore[no-any-return]
venv\lib\site-packages\sqlalchemy\engine\create.py:601: in create_engine
    dbapi = dbapi_meth(**dbapi_args)
_ _ _ _ _ _ _ _ _ _ _ _ _ _ _ _ _ _ _ _ _ _ _ _ _ _ _ _ _ _ _ _ _ _ _ _ _ _ _ _

cls = <class 'sqlalchemy.dialects.sqlite.aiosqlite.SQLiteDialect_aiosqlite'>

    @classmethod
    def import_dbapi(cls):
        return AsyncAdapt_aiosqlite_dbapi(
>           __import__("aiosqlite"), __import__("sqlite3")
        )
E       ModuleNotFoundError: No module named 'aiosqlite'

venv\lib\site-packages\sqlalchemy\dialects\sqlite\aiosqlite.py:374: ModuleNotFoundError
_________________ ERROR at setup of test_get_me_unauthorized __________________

request = <SubRequest 'test_engine' for <Coroutine test_get_me_unauthorized>>
kwargs = {}, func = <function test_engine at 0x000001349A620B80>
setup = <function _wrap_asyncgen_fixture.<locals>._asyncgen_fixture_wrapper.<locals>.setup at 0x000001349AC42160>
finalizer = <function _wrap_asyncgen_fixture.<locals>._asyncgen_fixture_wrapper.<locals>.finalizer at 0x000001349AC42310>

    @functools.wraps(fixture)
    def _asyncgen_fixture_wrapper(request: SubRequest, **kwargs: Any):
        func = _perhaps_rebind_fixture_func(
            fixture, request.instance, fixturedef.unittest
        )
        event_loop = kwargs.pop(event_loop_fixture_id)
        gen_obj = func(
            **_add_kwargs(func, kwargs, event_loop_fixture_id, event_loop, request)
        )
    
        async def setup():
            res = await gen_obj.__anext__()
            return res
    
        def finalizer() -> None:
            """Yield again, to finalize."""
    
            async def async_finalizer() -> None:
                try:
                    await gen_obj.__anext__()
                except StopAsyncIteration:
                    pass
                else:
                    msg = "Async generator fixture didn't stop."
                    msg += "Yield only once."
                    raise ValueError(msg)
    
            event_loop.run_until_complete(async_finalizer())
    
>       result = event_loop.run_until_complete(setup())

venv\lib\site-packages\pytest_asyncio\plugin.py:337: 
_ _ _ _ _ _ _ _ _ _ _ _ _ _ _ _ _ _ _ _ _ _ _ _ _ _ _ _ _ _ _ _ _ _ _ _ _ _ _ _
C:\Program Files\Python39\lib\asyncio\base_events.py:642: in run_until_complete
    return future.result()
venv\lib\site-packages\pytest_asyncio\plugin.py:319: in setup
    res = await gen_obj.__anext__()
tests\conftest.py:36: in test_engine
    engine = create_async_engine(
venv\lib\site-packages\sqlalchemy\ext\asyncio\engine.py:117: in create_async_engine
    sync_engine = _create_engine(url, **kw)
venv\lib\site-packages\sqlalchemy\util\deprecations.py:281: in warned
    return fn(*args, **kwargs)  # type: ignore[no-any-return]
venv\lib\site-packages\sqlalchemy\engine\create.py:601: in create_engine
    dbapi = dbapi_meth(**dbapi_args)
_ _ _ _ _ _ _ _ _ _ _ _ _ _ _ _ _ _ _ _ _ _ _ _ _ _ _ _ _ _ _ _ _ _ _ _ _ _ _ _

cls = <class 'sqlalchemy.dialects.sqlite.aiosqlite.SQLiteDialect_aiosqlite'>

    @classmethod
    def import_dbapi(cls):
        return AsyncAdapt_aiosqlite_dbapi(
>           __import__("aiosqlite"), __import__("sqlite3")
        )
E       ModuleNotFoundError: No module named 'aiosqlite'

venv\lib\site-packages\sqlalchemy\dialects\sqlite\aiosqlite.py:374: ModuleNotFoundError
____________________ ERROR at setup of test_refresh_token _____________________

request = <SubRequest 'test_engine' for <Coroutine test_refresh_token>>
kwargs = {}, func = <function test_engine at 0x000001349A620B80>
setup = <function _wrap_asyncgen_fixture.<locals>._asyncgen_fixture_wrapper.<locals>.setup at 0x000001349A895940>
finalizer = <function _wrap_asyncgen_fixture.<locals>._asyncgen_fixture_wrapper.<locals>.finalizer at 0x000001349A895430>

    @functools.wraps(fixture)
    def _asyncgen_fixture_wrapper(request: SubRequest, **kwargs: Any):
        func = _perhaps_rebind_fixture_func(
            fixture, request.instance, fixturedef.unittest
        )
        event_loop = kwargs.pop(event_loop_fixture_id)
        gen_obj = func(
            **_add_kwargs(func, kwargs, event_loop_fixture_id, event_loop, request)
        )
    
        async def setup():
            res = await gen_obj.__anext__()
            return res
    
        def finalizer() -> None:
            """Yield again, to finalize."""
    
            async def async_finalizer() -> None:
                try:
                    await gen_obj.__anext__()
                except StopAsyncIteration:
                    pass
                else:
                    msg = "Async generator fixture didn't stop."
                    msg += "Yield only once."
                    raise ValueError(msg)
    
            event_loop.run_until_complete(async_finalizer())
    
>       result = event_loop.run_until_complete(setup())

venv\lib\site-packages\pytest_asyncio\plugin.py:337: 
_ _ _ _ _ _ _ _ _ _ _ _ _ _ _ _ _ _ _ _ _ _ _ _ _ _ _ _ _ _ _ _ _ _ _ _ _ _ _ _
C:\Program Files\Python39\lib\asyncio\base_events.py:642: in run_until_complete
    return future.result()
venv\lib\site-packages\pytest_asyncio\plugin.py:319: in setup
    res = await gen_obj.__anext__()
tests\conftest.py:36: in test_engine
    engine = create_async_engine(
venv\lib\site-packages\sqlalchemy\ext\asyncio\engine.py:117: in create_async_engine
    sync_engine = _create_engine(url, **kw)
venv\lib\site-packages\sqlalchemy\util\deprecations.py:281: in warned
    return fn(*args, **kwargs)  # type: ignore[no-any-return]
venv\lib\site-packages\sqlalchemy\engine\create.py:601: in create_engine
    dbapi = dbapi_meth(**dbapi_args)
_ _ _ _ _ _ _ _ _ _ _ _ _ _ _ _ _ _ _ _ _ _ _ _ _ _ _ _ _ _ _ _ _ _ _ _ _ _ _ _

cls = <class 'sqlalchemy.dialects.sqlite.aiosqlite.SQLiteDialect_aiosqlite'>

    @classmethod
    def import_dbapi(cls):
        return AsyncAdapt_aiosqlite_dbapi(
>           __import__("aiosqlite"), __import__("sqlite3")
        )
E       ModuleNotFoundError: No module named 'aiosqlite'

venv\lib\site-packages\sqlalchemy\dialects\sqlite\aiosqlite.py:374: ModuleNotFoundError
___________________ ERROR at setup of test_generate_report ____________________

request = <SubRequest 'test_engine' for <Coroutine test_generate_report>>
kwargs = {}, func = <function test_engine at 0x000001349A620B80>
setup = <function _wrap_asyncgen_fixture.<locals>._asyncgen_fixture_wrapper.<locals>.setup at 0x000001349AC42670>
finalizer = <function _wrap_asyncgen_fixture.<locals>._asyncgen_fixture_wrapper.<locals>.finalizer at 0x000001349AC42940>

    @functools.wraps(fixture)
    def _asyncgen_fixture_wrapper(request: SubRequest, **kwargs: Any):
        func = _perhaps_rebind_fixture_func(
            fixture, request.instance, fixturedef.unittest
        )
        event_loop = kwargs.pop(event_loop_fixture_id)
        gen_obj = func(
            **_add_kwargs(func, kwargs, event_loop_fixture_id, event_loop, request)
        )
    
        async def setup():
            res = await gen_obj.__anext__()
            return res
    
        def finalizer() -> None:
            """Yield again, to finalize."""
    
            async def async_finalizer() -> None:
                try:
                    await gen_obj.__anext__()
                except StopAsyncIteration:
                    pass
                else:
                    msg = "Async generator fixture didn't stop."
                    msg += "Yield only once."
                    raise ValueError(msg)
    
            event_loop.run_until_complete(async_finalizer())
    
>       result = event_loop.run_until_complete(setup())

venv\lib\site-packages\pytest_asyncio\plugin.py:337: 
_ _ _ _ _ _ _ _ _ _ _ _ _ _ _ _ _ _ _ _ _ _ _ _ _ _ _ _ _ _ _ _ _ _ _ _ _ _ _ _
C:\Program Files\Python39\lib\asyncio\base_events.py:642: in run_until_complete
    return future.result()
venv\lib\site-packages\pytest_asyncio\plugin.py:319: in setup
    res = await gen_obj.__anext__()
tests\conftest.py:36: in test_engine
    engine = create_async_engine(
venv\lib\site-packages\sqlalchemy\ext\asyncio\engine.py:117: in create_async_engine
    sync_engine = _create_engine(url, **kw)
venv\lib\site-packages\sqlalchemy\util\deprecations.py:281: in warned
    return fn(*args, **kwargs)  # type: ignore[no-any-return]
venv\lib\site-packages\sqlalchemy\engine\create.py:601: in create_engine
    dbapi = dbapi_meth(**dbapi_args)
_ _ _ _ _ _ _ _ _ _ _ _ _ _ _ _ _ _ _ _ _ _ _ _ _ _ _ _ _ _ _ _ _ _ _ _ _ _ _ _

cls = <class 'sqlalchemy.dialects.sqlite.aiosqlite.SQLiteDialect_aiosqlite'>

    @classmethod
    def import_dbapi(cls):
        return AsyncAdapt_aiosqlite_dbapi(
>           __import__("aiosqlite"), __import__("sqlite3")
        )
E       ModuleNotFoundError: No module named 'aiosqlite'

venv\lib\site-packages\sqlalchemy\dialects\sqlite\aiosqlite.py:374: ModuleNotFoundError
___________ ERROR at setup of test_generate_report_invalid_template ___________

request = <SubRequest 'test_engine' for <Coroutine test_generate_report_invalid_template>>
kwargs = {}, func = <function test_engine at 0x000001349A620B80>
setup = <function _wrap_asyncgen_fixture.<locals>._asyncgen_fixture_wrapper.<locals>.setup at 0x000001349AC42160>
finalizer = <function _wrap_asyncgen_fixture.<locals>._asyncgen_fixture_wrapper.<locals>.finalizer at 0x000001349AC42040>

    @functools.wraps(fixture)
    def _asyncgen_fixture_wrapper(request: SubRequest, **kwargs: Any):
        func = _perhaps_rebind_fixture_func(
            fixture, request.instance, fixturedef.unittest
        )
        event_loop = kwargs.pop(event_loop_fixture_id)
        gen_obj = func(
            **_add_kwargs(func, kwargs, event_loop_fixture_id, event_loop, request)
        )
    
        async def setup():
            res = await gen_obj.__anext__()
            return res
    
        def finalizer() -> None:
            """Yield again, to finalize."""
    
            async def async_finalizer() -> None:
                try:
                    await gen_obj.__anext__()
                except StopAsyncIteration:
                    pass
                else:
                    msg = "Async generator fixture didn't stop."
                    msg += "Yield only once."
                    raise ValueError(msg)
    
            event_loop.run_until_complete(async_finalizer())
    
>       result = event_loop.run_until_complete(setup())

venv\lib\site-packages\pytest_asyncio\plugin.py:337: 
_ _ _ _ _ _ _ _ _ _ _ _ _ _ _ _ _ _ _ _ _ _ _ _ _ _ _ _ _ _ _ _ _ _ _ _ _ _ _ _
C:\Program Files\Python39\lib\asyncio\base_events.py:642: in run_until_complete
    return future.result()
venv\lib\site-packages\pytest_asyncio\plugin.py:319: in setup
    res = await gen_obj.__anext__()
tests\conftest.py:36: in test_engine
    engine = create_async_engine(
venv\lib\site-packages\sqlalchemy\ext\asyncio\engine.py:117: in create_async_engine
    sync_engine = _create_engine(url, **kw)
venv\lib\site-packages\sqlalchemy\util\deprecations.py:281: in warned
    return fn(*args, **kwargs)  # type: ignore[no-any-return]
venv\lib\site-packages\sqlalchemy\engine\create.py:601: in create_engine
    dbapi = dbapi_meth(**dbapi_args)
_ _ _ _ _ _ _ _ _ _ _ _ _ _ _ _ _ _ _ _ _ _ _ _ _ _ _ _ _ _ _ _ _ _ _ _ _ _ _ _

cls = <class 'sqlalchemy.dialects.sqlite.aiosqlite.SQLiteDialect_aiosqlite'>

    @classmethod
    def import_dbapi(cls):
        return AsyncAdapt_aiosqlite_dbapi(
>           __import__("aiosqlite"), __import__("sqlite3")
        )
E       ModuleNotFoundError: No module named 'aiosqlite'

venv\lib\site-packages\sqlalchemy\dialects\sqlite\aiosqlite.py:374: ModuleNotFoundError
_____________________ ERROR at setup of test_list_reports _____________________

request = <SubRequest 'test_engine' for <Coroutine test_list_reports>>
kwargs = {}, func = <function test_engine at 0x000001349A620B80>
setup = <function _wrap_asyncgen_fixture.<locals>._asyncgen_fixture_wrapper.<locals>.setup at 0x000001349AC425E0>
finalizer = <function _wrap_asyncgen_fixture.<locals>._asyncgen_fixture_wrapper.<locals>.finalizer at 0x000001349A895430>

    @functools.wraps(fixture)
    def _asyncgen_fixture_wrapper(request: SubRequest, **kwargs: Any):
        func = _perhaps_rebind_fixture_func(
            fixture, request.instance, fixturedef.unittest
        )
        event_loop = kwargs.pop(event_loop_fixture_id)
        gen_obj = func(
            **_add_kwargs(func, kwargs, event_loop_fixture_id, event_loop, request)
        )
    
        async def setup():
            res = await gen_obj.__anext__()
            return res
    
        def finalizer() -> None:
            """Yield again, to finalize."""
    
            async def async_finalizer() -> None:
                try:
                    await gen_obj.__anext__()
                except StopAsyncIteration:
                    pass
                else:
                    msg = "Async generator fixture didn't stop."
                    msg += "Yield only once."
                    raise ValueError(msg)
    
            event_loop.run_until_complete(async_finalizer())
    
>       result = event_loop.run_until_complete(setup())

venv\lib\site-packages\pytest_asyncio\plugin.py:337: 
_ _ _ _ _ _ _ _ _ _ _ _ _ _ _ _ _ _ _ _ _ _ _ _ _ _ _ _ _ _ _ _ _ _ _ _ _ _ _ _
C:\Program Files\Python39\lib\asyncio\base_events.py:642: in run_until_complete
    return future.result()
venv\lib\site-packages\pytest_asyncio\plugin.py:319: in setup
    res = await gen_obj.__anext__()
tests\conftest.py:36: in test_engine
    engine = create_async_engine(
venv\lib\site-packages\sqlalchemy\ext\asyncio\engine.py:117: in create_async_engine
    sync_engine = _create_engine(url, **kw)
venv\lib\site-packages\sqlalchemy\util\deprecations.py:281: in warned
    return fn(*args, **kwargs)  # type: ignore[no-any-return]
venv\lib\site-packages\sqlalchemy\engine\create.py:601: in create_engine
    dbapi = dbapi_meth(**dbapi_args)
_ _ _ _ _ _ _ _ _ _ _ _ _ _ _ _ _ _ _ _ _ _ _ _ _ _ _ _ _ _ _ _ _ _ _ _ _ _ _ _

cls = <class 'sqlalchemy.dialects.sqlite.aiosqlite.SQLiteDialect_aiosqlite'>

    @classmethod
    def import_dbapi(cls):
        return AsyncAdapt_aiosqlite_dbapi(
>           __import__("aiosqlite"), __import__("sqlite3")
        )
E       ModuleNotFoundError: No module named 'aiosqlite'

venv\lib\site-packages\sqlalchemy\dialects\sqlite\aiosqlite.py:374: ModuleNotFoundError
______________ ERROR at setup of test_list_reports_unauthorized _______________

request = <SubRequest 'test_engine' for <Coroutine test_list_reports_unauthorized>>
kwargs = {}, func = <function test_engine at 0x000001349A620B80>
setup = <function _wrap_asyncgen_fixture.<locals>._asyncgen_fixture_wrapper.<locals>.setup at 0x000001349A985790>
finalizer = <function _wrap_asyncgen_fixture.<locals>._asyncgen_fixture_wrapper.<locals>.finalizer at 0x000001349A985A60>

    @functools.wraps(fixture)
    def _asyncgen_fixture_wrapper(request: SubRequest, **kwargs: Any):
        func = _perhaps_rebind_fixture_func(
            fixture, request.instance, fixturedef.unittest
        )
        event_loop = kwargs.pop(event_loop_fixture_id)
        gen_obj = func(
            **_add_kwargs(func, kwargs, event_loop_fixture_id, event_loop, request)
        )
    
        async def setup():
            res = await gen_obj.__anext__()
            return res
    
        def finalizer() -> None:
            """Yield again, to finalize."""
    
            async def async_finalizer() -> None:
                try:
                    await gen_obj.__anext__()
                except StopAsyncIteration:
                    pass
                else:
                    msg = "Async generator fixture didn't stop."
                    msg += "Yield only once."
                    raise ValueError(msg)
    
            event_loop.run_until_complete(async_finalizer())
    
>       result = event_loop.run_until_complete(setup())

venv\lib\site-packages\pytest_asyncio\plugin.py:337: 
_ _ _ _ _ _ _ _ _ _ _ _ _ _ _ _ _ _ _ _ _ _ _ _ _ _ _ _ _ _ _ _ _ _ _ _ _ _ _ _
C:\Program Files\Python39\lib\asyncio\base_events.py:642: in run_until_complete
    return future.result()
venv\lib\site-packages\pytest_asyncio\plugin.py:319: in setup
    res = await gen_obj.__anext__()
tests\conftest.py:36: in test_engine
    engine = create_async_engine(
venv\lib\site-packages\sqlalchemy\ext\asyncio\engine.py:117: in create_async_engine
    sync_engine = _create_engine(url, **kw)
venv\lib\site-packages\sqlalchemy\util\deprecations.py:281: in warned
    return fn(*args, **kwargs)  # type: ignore[no-any-return]
venv\lib\site-packages\sqlalchemy\engine\create.py:601: in create_engine
    dbapi = dbapi_meth(**dbapi_args)
_ _ _ _ _ _ _ _ _ _ _ _ _ _ _ _ _ _ _ _ _ _ _ _ _ _ _ _ _ _ _ _ _ _ _ _ _ _ _ _

cls = <class 'sqlalchemy.dialects.sqlite.aiosqlite.SQLiteDialect_aiosqlite'>

    @classmethod
    def import_dbapi(cls):
        return AsyncAdapt_aiosqlite_dbapi(
>           __import__("aiosqlite"), __import__("sqlite3")
        )
E       ModuleNotFoundError: No module named 'aiosqlite'

venv\lib\site-packages\sqlalchemy\dialects\sqlite\aiosqlite.py:374: ModuleNotFoundError
_________________ ERROR at setup of test_get_report_not_found _________________

request = <SubRequest 'test_engine' for <Coroutine test_get_report_not_found>>
kwargs = {}, func = <function test_engine at 0x000001349A620B80>
setup = <function _wrap_asyncgen_fixture.<locals>._asyncgen_fixture_wrapper.<locals>.setup at 0x000001349AC42310>
finalizer = <function _wrap_asyncgen_fixture.<locals>._asyncgen_fixture_wrapper.<locals>.finalizer at 0x000001349AC42040>

    @functools.wraps(fixture)
    def _asyncgen_fixture_wrapper(request: SubRequest, **kwargs: Any):
        func = _perhaps_rebind_fixture_func(
            fixture, request.instance, fixturedef.unittest
        )
        event_loop = kwargs.pop(event_loop_fixture_id)
        gen_obj = func(
            **_add_kwargs(func, kwargs, event_loop_fixture_id, event_loop, request)
        )
    
        async def setup():
            res = await gen_obj.__anext__()
            return res
    
        def finalizer() -> None:
            """Yield again, to finalize."""
    
            async def async_finalizer() -> None:
                try:
                    await gen_obj.__anext__()
                except StopAsyncIteration:
                    pass
                else:
                    msg = "Async generator fixture didn't stop."
                    msg += "Yield only once."
                    raise ValueError(msg)
    
            event_loop.run_until_complete(async_finalizer())
    
>       result = event_loop.run_until_complete(setup())

venv\lib\site-packages\pytest_asyncio\plugin.py:337: 
_ _ _ _ _ _ _ _ _ _ _ _ _ _ _ _ _ _ _ _ _ _ _ _ _ _ _ _ _ _ _ _ _ _ _ _ _ _ _ _
C:\Program Files\Python39\lib\asyncio\base_events.py:642: in run_until_complete
    return future.result()
venv\lib\site-packages\pytest_asyncio\plugin.py:319: in setup
    res = await gen_obj.__anext__()
tests\conftest.py:36: in test_engine
    engine = create_async_engine(
venv\lib\site-packages\sqlalchemy\ext\asyncio\engine.py:117: in create_async_engine
    sync_engine = _create_engine(url, **kw)
venv\lib\site-packages\sqlalchemy\util\deprecations.py:281: in warned
    return fn(*args, **kwargs)  # type: ignore[no-any-return]
venv\lib\site-packages\sqlalchemy\engine\create.py:601: in create_engine
    dbapi = dbapi_meth(**dbapi_args)
_ _ _ _ _ _ _ _ _ _ _ _ _ _ _ _ _ _ _ _ _ _ _ _ _ _ _ _ _ _ _ _ _ _ _ _ _ _ _ _

cls = <class 'sqlalchemy.dialects.sqlite.aiosqlite.SQLiteDialect_aiosqlite'>

    @classmethod
    def import_dbapi(cls):
        return AsyncAdapt_aiosqlite_dbapi(
>           __import__("aiosqlite"), __import__("sqlite3")
        )
E       ModuleNotFoundError: No module named 'aiosqlite'

venv\lib\site-packages\sqlalchemy\dialects\sqlite\aiosqlite.py:374: ModuleNotFoundError
___________________ ERROR at setup of test_create_schedule ____________________

request = <SubRequest 'test_engine' for <Coroutine test_create_schedule>>
kwargs = {}, func = <function test_engine at 0x000001349A620B80>
setup = <function _wrap_asyncgen_fixture.<locals>._asyncgen_fixture_wrapper.<locals>.setup at 0x000001349AC425E0>
finalizer = <function _wrap_asyncgen_fixture.<locals>._asyncgen_fixture_wrapper.<locals>.finalizer at 0x000001349A9855E0>

    @functools.wraps(fixture)
    def _asyncgen_fixture_wrapper(request: SubRequest, **kwargs: Any):
        func = _perhaps_rebind_fixture_func(
            fixture, request.instance, fixturedef.unittest
        )
        event_loop = kwargs.pop(event_loop_fixture_id)
        gen_obj = func(
            **_add_kwargs(func, kwargs, event_loop_fixture_id, event_loop, request)
        )
    
        async def setup():
            res = await gen_obj.__anext__()
            return res
    
        def finalizer() -> None:
            """Yield again, to finalize."""
    
            async def async_finalizer() -> None:
                try:
                    await gen_obj.__anext__()
                except StopAsyncIteration:
                    pass
                else:
                    msg = "Async generator fixture didn't stop."
                    msg += "Yield only once."
                    raise ValueError(msg)
    
            event_loop.run_until_complete(async_finalizer())
    
>       result = event_loop.run_until_complete(setup())

venv\lib\site-packages\pytest_asyncio\plugin.py:337: 
_ _ _ _ _ _ _ _ _ _ _ _ _ _ _ _ _ _ _ _ _ _ _ _ _ _ _ _ _ _ _ _ _ _ _ _ _ _ _ _
C:\Program Files\Python39\lib\asyncio\base_events.py:642: in run_until_complete
    return future.result()
venv\lib\site-packages\pytest_asyncio\plugin.py:319: in setup
    res = await gen_obj.__anext__()
tests\conftest.py:36: in test_engine
    engine = create_async_engine(
venv\lib\site-packages\sqlalchemy\ext\asyncio\engine.py:117: in create_async_engine
    sync_engine = _create_engine(url, **kw)
venv\lib\site-packages\sqlalchemy\util\deprecations.py:281: in warned
    return fn(*args, **kwargs)  # type: ignore[no-any-return]
venv\lib\site-packages\sqlalchemy\engine\create.py:601: in create_engine
    dbapi = dbapi_meth(**dbapi_args)
_ _ _ _ _ _ _ _ _ _ _ _ _ _ _ _ _ _ _ _ _ _ _ _ _ _ _ _ _ _ _ _ _ _ _ _ _ _ _ _

cls = <class 'sqlalchemy.dialects.sqlite.aiosqlite.SQLiteDialect_aiosqlite'>

    @classmethod
    def import_dbapi(cls):
        return AsyncAdapt_aiosqlite_dbapi(
>           __import__("aiosqlite"), __import__("sqlite3")
        )
E       ModuleNotFoundError: No module named 'aiosqlite'

venv\lib\site-packages\sqlalchemy\dialects\sqlite\aiosqlite.py:374: ModuleNotFoundError
_____________ ERROR at setup of test_create_schedule_invalid_cron _____________

request = <SubRequest 'test_engine' for <Coroutine test_create_schedule_invalid_cron>>
kwargs = {}, func = <function test_engine at 0x000001349A620B80>
setup = <function _wrap_asyncgen_fixture.<locals>._asyncgen_fixture_wrapper.<locals>.setup at 0x000001349AC42310>
finalizer = <function _wrap_asyncgen_fixture.<locals>._asyncgen_fixture_wrapper.<locals>.finalizer at 0x000001349AC42040>

    @functools.wraps(fixture)
    def _asyncgen_fixture_wrapper(request: SubRequest, **kwargs: Any):
        func = _perhaps_rebind_fixture_func(
            fixture, request.instance, fixturedef.unittest
        )
        event_loop = kwargs.pop(event_loop_fixture_id)
        gen_obj = func(
            **_add_kwargs(func, kwargs, event_loop_fixture_id, event_loop, request)
        )
    
        async def setup():
            res = await gen_obj.__anext__()
            return res
    
        def finalizer() -> None:
            """Yield again, to finalize."""
    
            async def async_finalizer() -> None:
                try:
                    await gen_obj.__anext__()
                except StopAsyncIteration:
                    pass
                else:
                    msg = "Async generator fixture didn't stop."
                    msg += "Yield only once."
                    raise ValueError(msg)
    
            event_loop.run_until_complete(async_finalizer())
    
>       result = event_loop.run_until_complete(setup())

venv\lib\site-packages\pytest_asyncio\plugin.py:337: 
_ _ _ _ _ _ _ _ _ _ _ _ _ _ _ _ _ _ _ _ _ _ _ _ _ _ _ _ _ _ _ _ _ _ _ _ _ _ _ _
C:\Program Files\Python39\lib\asyncio\base_events.py:642: in run_until_complete
    return future.result()
venv\lib\site-packages\pytest_asyncio\plugin.py:319: in setup
    res = await gen_obj.__anext__()
tests\conftest.py:36: in test_engine
    engine = create_async_engine(
venv\lib\site-packages\sqlalchemy\ext\asyncio\engine.py:117: in create_async_engine
    sync_engine = _create_engine(url, **kw)
venv\lib\site-packages\sqlalchemy\util\deprecations.py:281: in warned
    return fn(*args, **kwargs)  # type: ignore[no-any-return]
venv\lib\site-packages\sqlalchemy\engine\create.py:601: in create_engine
    dbapi = dbapi_meth(**dbapi_args)
_ _ _ _ _ _ _ _ _ _ _ _ _ _ _ _ _ _ _ _ _ _ _ _ _ _ _ _ _ _ _ _ _ _ _ _ _ _ _ _

cls = <class 'sqlalchemy.dialects.sqlite.aiosqlite.SQLiteDialect_aiosqlite'>

    @classmethod
    def import_dbapi(cls):
        return AsyncAdapt_aiosqlite_dbapi(
>           __import__("aiosqlite"), __import__("sqlite3")
        )
E       ModuleNotFoundError: No module named 'aiosqlite'

venv\lib\site-packages\sqlalchemy\dialects\sqlite\aiosqlite.py:374: ModuleNotFoundError
____________________ ERROR at setup of test_list_schedules ____________________

request = <SubRequest 'test_engine' for <Coroutine test_list_schedules>>
kwargs = {}, func = <function test_engine at 0x000001349A620B80>
setup = <function _wrap_asyncgen_fixture.<locals>._asyncgen_fixture_wrapper.<locals>.setup at 0x000001349A9853A0>
finalizer = <function _wrap_asyncgen_fixture.<locals>._asyncgen_fixture_wrapper.<locals>.finalizer at 0x000001349A9859D0>

    @functools.wraps(fixture)
    def _asyncgen_fixture_wrapper(request: SubRequest, **kwargs: Any):
        func = _perhaps_rebind_fixture_func(
            fixture, request.instance, fixturedef.unittest
        )
        event_loop = kwargs.pop(event_loop_fixture_id)
        gen_obj = func(
            **_add_kwargs(func, kwargs, event_loop_fixture_id, event_loop, request)
        )
    
        async def setup():
            res = await gen_obj.__anext__()
            return res
    
        def finalizer() -> None:
            """Yield again, to finalize."""
    
            async def async_finalizer() -> None:
                try:
                    await gen_obj.__anext__()
                except StopAsyncIteration:
                    pass
                else:
                    msg = "Async generator fixture didn't stop."
                    msg += "Yield only once."
                    raise ValueError(msg)
    
            event_loop.run_until_complete(async_finalizer())
    
>       result = event_loop.run_until_complete(setup())

venv\lib\site-packages\pytest_asyncio\plugin.py:337: 
_ _ _ _ _ _ _ _ _ _ _ _ _ _ _ _ _ _ _ _ _ _ _ _ _ _ _ _ _ _ _ _ _ _ _ _ _ _ _ _
C:\Program Files\Python39\lib\asyncio\base_events.py:642: in run_until_complete
    return future.result()
venv\lib\site-packages\pytest_asyncio\plugin.py:319: in setup
    res = await gen_obj.__anext__()
tests\conftest.py:36: in test_engine
    engine = create_async_engine(
venv\lib\site-packages\sqlalchemy\ext\asyncio\engine.py:117: in create_async_engine
    sync_engine = _create_engine(url, **kw)
venv\lib\site-packages\sqlalchemy\util\deprecations.py:281: in warned
    return fn(*args, **kwargs)  # type: ignore[no-any-return]
venv\lib\site-packages\sqlalchemy\engine\create.py:601: in create_engine
    dbapi = dbapi_meth(**dbapi_args)
_ _ _ _ _ _ _ _ _ _ _ _ _ _ _ _ _ _ _ _ _ _ _ _ _ _ _ _ _ _ _ _ _ _ _ _ _ _ _ _

cls = <class 'sqlalchemy.dialects.sqlite.aiosqlite.SQLiteDialect_aiosqlite'>

    @classmethod
    def import_dbapi(cls):
        return AsyncAdapt_aiosqlite_dbapi(
>           __import__("aiosqlite"), __import__("sqlite3")
        )
E       ModuleNotFoundError: No module named 'aiosqlite'

venv\lib\site-packages\sqlalchemy\dialects\sqlite\aiosqlite.py:374: ModuleNotFoundError
============================== warnings summary ===============================
venv\lib\site-packages\pydantic\_internal\_fields.py:184
  d:\pdf generator\pdf-report-generator\venv\lib\site-packages\pydantic\_internal\_fields.py:184: UserWarning: Field name "schema" shadows an attribute in parent "BaseModel"; 
    warnings.warn(

venv\lib\site-packages\matplotlib\_fontconfig_pattern.py:88
venv\lib\site-packages\matplotlib\_fontconfig_pattern.py:88
venv\lib\site-packages\matplotlib\_fontconfig_pattern.py:88
venv\lib\site-packages\matplotlib\_fontconfig_pattern.py:88
venv\lib\site-packages\matplotlib\_fontconfig_pattern.py:88
venv\lib\site-packages\matplotlib\_fontconfig_pattern.py:88
  d:\pdf generator\pdf-report-generator\venv\lib\site-packages\matplotlib\_fontconfig_pattern.py:88: PyparsingDeprecationWarning: 'parseString' deprecated - use 'parse_string'
    parse = parser.parseString(pattern)

venv\lib\site-packages\matplotlib\_fontconfig_pattern.py:92
venv\lib\site-packages\matplotlib\_fontconfig_pattern.py:92
venv\lib\site-packages\matplotlib\_fontconfig_pattern.py:92
venv\lib\site-packages\matplotlib\_fontconfig_pattern.py:92
venv\lib\site-packages\matplotlib\_fontconfig_pattern.py:92
venv\lib\site-packages\matplotlib\_fontconfig_pattern.py:92
  d:\pdf generator\pdf-report-generator\venv\lib\site-packages\matplotlib\_fontconfig_pattern.py:92: PyparsingDeprecationWarning: 'resetCache' deprecated - use 'reset_cache'
    parser.resetCache()

venv\lib\site-packages\matplotlib\_mathtext.py:45
  d:\pdf generator\pdf-report-generator\venv\lib\site-packages\matplotlib\_mathtext.py:45: PyparsingDeprecationWarning: 'enablePackrat' deprecated - use 'enable_packrat'
    ParserElement.enablePackrat()

tests/test_api/test_auth.py::test_register_user
  d:\pdf generator\pdf-report-generator\venv\lib\site-packages\pytest_asyncio\plugin.py:749: DeprecationWarning: The event_loop fixture provided by pytest-asyncio has been redefined in
  D:\PDF Generator\pdf-report-generator\tests\conftest.py:25
  Replacing the event_loop fixture with a custom implementation is deprecated
  and will lead to errors in the future.
  If you want to request an asyncio event loop with a scope other than function
  scope, use the "scope" argument to the asyncio mark when marking the tests.
  If you want to return different types of event loops, use the event_loop_policy
  fixture.
  
    warnings.warn(

-- Docs: https://docs.pytest.org/en/stable/how-to/capture-warnings.html
=========================== short test summary info ===========================
ERROR tests/test_api/test_auth.py::test_register_user - ModuleNotFoundError: ...
ERROR tests/test_api/test_auth.py::test_register_duplicate_email - ModuleNotF...
ERROR tests/test_api/test_auth.py::test_login_success - ModuleNotFoundError: ...
ERROR tests/test_api/test_auth.py::test_login_wrong_password - ModuleNotFound...
ERROR tests/test_api/test_auth.py::test_login_nonexistent_user - ModuleNotFou...
ERROR tests/test_api/test_auth.py::test_get_me - ModuleNotFoundError: No modu...
ERROR tests/test_api/test_auth.py::test_get_me_unauthorized - ModuleNotFoundE...
ERROR tests/test_api/test_auth.py::test_refresh_token - ModuleNotFoundError: ...
ERROR tests/test_api/test_reports.py::test_generate_report - ModuleNotFoundEr...
ERROR tests/test_api/test_reports.py::test_generate_report_invalid_template
ERROR tests/test_api/test_reports.py::test_list_reports - ModuleNotFoundError...
ERROR tests/test_api/test_reports.py::test_list_reports_unauthorized - Module...
ERROR tests/test_api/test_reports.py::test_get_report_not_found - ModuleNotFo...
ERROR tests/test_api/test_schedules.py::test_create_schedule - ModuleNotFound...
ERROR tests/test_api/test_schedules.py::test_create_schedule_invalid_cron - M...
ERROR tests/test_api/test_schedules.py::test_list_schedules - ModuleNotFoundE...
================= 9 passed, 15 warnings, 16 errors in 11.54s ==================
pytest : Exception ignored in: <function _ProactorBasePipeTransport.__del__ at 
0x00000134854E38B0>
At line:1 char:26
+ .\venv\Scripts\activate; pytest tests/ -v > pytest_out.txt 2>&1
+                          ~~~~~~~~~~~~~~~~~~~~~~~~~~~~~~~~~~~~~~
    + CategoryInfo          : NotSpecified: (Exception ignor...000134854E38B0> 
   :String) [], RemoteException
    + FullyQualifiedErrorId : NativeCommandError
 
Traceback (most recent call last):
  File "C:\Program Files\Python39\lib\asyncio\proactor_events.py", line 115, 
in __del__
    _warn(f"unclosed transport {self!r}", ResourceWarning, source=self)
  File "C:\Program Files\Python39\lib\asyncio\proactor_events.py", line 79, in 
__repr__
    info.append(f'fd={self._sock.fileno()}')
  File "C:\Program Files\Python39\lib\asyncio\windows_utils.py", line 102, in 
fileno
    raise ValueError("I/O operation on closed pipe")
ValueError: I/O operation on closed pipe
Exception ignored in: <function BaseSubprocessTransport.__del__ at 
0x00000134854DB040>
Traceback (most recent call last):
  File "C:\Program Files\Python39\lib\asyncio\base_subprocess.py", line 125, 
in __del__
    _warn(f"unclosed transport {self!r}", ResourceWarning, source=self)
  File "C:\Program Files\Python39\lib\asyncio\base_subprocess.py", line 70, in 
__repr__
    info.append(f'stdin={stdin.pipe}')
  File "C:\Program Files\Python39\lib\asyncio\proactor_events.py", line 79, in 
__repr__
    info.append(f'fd={self._sock.fileno()}')
  File "C:\Program Files\Python39\lib\asyncio\windows_utils.py", line 102, in 
fileno
    raise ValueError("I/O operation on closed pipe")
ValueError: I/O operation on closed pipe
Exception ignored in: <function _ProactorBasePipeTransport.__del__ at 
0x00000134854E38B0>
Traceback (most recent call last):
  File "C:\Program Files\Python39\lib\asyncio\proactor_events.py", line 115, 
in __del__
    _warn(f"unclosed transport {self!r}", ResourceWarning, source=self)
  File "C:\Program Files\Python39\lib\asyncio\proactor_events.py", line 79, in 
__repr__
    info.append(f'fd={self._sock.fileno()}')
  File "C:\Program Files\Python39\lib\asyncio\windows_utils.py", line 102, in 
fileno
    raise ValueError("I/O operation on closed pipe")
ValueError: I/O operation on closed pipe
Task was destroyed but it is pending!
task: <Task pending name='Task-18' coro=<Connection.run() running at d:\pdf gen
erator\pdf-report-generator\venv\lib\site-packages\playwright\_impl\_connection
.py:278> wait_for=<Future pending cb=[<TaskWakeupMethWrapper object at 
0x000001349A8A1220>()]>>
Task was destroyed but it is pending!
task: <Task pending name='Task-22' coro=<Connection.run() running at d:\pdf gen
erator\pdf-report-generator\venv\lib\site-packages\playwright\_impl\_connection
.py:278> wait_for=<Future pending cb=[<TaskWakeupMethWrapper object at 
0x000001349A89BD60>()]>>
Exception ignored in: <function _ProactorBasePipeTransport.__del__ at 
0x00000134854E38B0>
Traceback (most recent call last):
  File "C:\Program Files\Python39\lib\asyncio\proactor_events.py", line 115, 
in __del__
    _warn(f"unclosed transport {self!r}", ResourceWarning, source=self)
  File "C:\Program Files\Python39\lib\asyncio\proactor_events.py", line 79, in 
__repr__
    info.append(f'fd={self._sock.fileno()}')
  File "C:\Program Files\Python39\lib\asyncio\windows_utils.py", line 102, in 
fileno
    raise ValueError("I/O operation on closed pipe")
ValueError: I/O operation on closed pipe
Exception ignored in: <function BaseSubprocessTransport.__del__ at 
0x00000134854DB040>
Traceback (most recent call last):
  File "C:\Program Files\Python39\lib\asyncio\base_subprocess.py", line 125, 
in __del__
    _warn(f"unclosed transport {self!r}", ResourceWarning, source=self)
  File "C:\Program Files\Python39\lib\asyncio\base_subprocess.py", line 70, in 
__repr__
    info.append(f'stdin={stdin.pipe}')
  File "C:\Program Files\Python39\lib\asyncio\proactor_events.py", line 79, in 
__repr__
    info.append(f'fd={self._sock.fileno()}')
  File "C:\Program Files\Python39\lib\asyncio\windows_utils.py", line 102, in 
fileno
    raise ValueError("I/O operation on closed pipe")
ValueError: I/O operation on closed pipe
Exception ignored in: <function _ProactorBasePipeTransport.__del__ at 
0x00000134854E38B0>
Traceback (most recent call last):
  File "C:\Program Files\Python39\lib\asyncio\proactor_events.py", line 115, 
in __del__
    _warn(f"unclosed transport {self!r}", ResourceWarning, source=self)
  File "C:\Program Files\Python39\lib\asyncio\proactor_events.py", line 79, in 
__repr__
    info.append(f'fd={self._sock.fileno()}')
  File "C:\Program Files\Python39\lib\asyncio\windows_utils.py", line 102, in 
fileno
    raise ValueError("I/O operation on closed pipe")
ValueError: I/O operation on closed pipe
